<?xml version="1.0" encoding="UTF-8"?>
<!-- Generated by org.testng.reporters.JUnitXMLReporter -->
<testsuite ignored="0" hostname="makhtar-lp" failures="0" tests="5" name="Default test" time="1.262" errors="0" timestamp="16 May 2022 07:13:22 GMT">
  <testcase classname="Examples" name="test_get" time="1.04"/>
  <testcase classname="Examples" name="test_post" time="0.071"/>
  <testcase classname="Examples" name="test_patch" time="0.039"/>
  <testcase classname="Examples" name="test_put" time="0.047"/>
  <testcase classname="Examples" name="test_delete" time="0.044"/>
</testsuite> <!-- Default test -->
