<?xml version="1.0" encoding="UTF-8"?>
<testng-results ignored="0" total="2" passed="2" failed="0" skipped="0">
  <reporter-output>
  </reporter-output>
  <suite started-at="2022-05-16T07:37:22Z" name="Suite" finished-at="2022-05-16T07:37:23Z" duration-ms="1122">
    <groups>
    </groups>
    <test started-at="2022-05-16T07:37:22Z" name="Test" finished-at="2022-05-16T07:37:23Z" duration-ms="1122">
      <class name="testpackages.Examples">
        <test-method signature="test_get()[pri:1, instance:testpackages.Examples@102cec62]" started-at="2022-05-16T07:37:22Z" name="test_get" finished-at="2022-05-16T07:37:23Z" duration-ms="1033" status="PASS">
          <reporter-output>
          </reporter-output>
        </test-method> <!-- test_get -->
        <test-method signature="test_post()[pri:2, instance:testpackages.Examples@102cec62]" started-at="2022-05-16T07:37:23Z" name="test_post" finished-at="2022-05-16T07:37:23Z" duration-ms="72" status="PASS">
          <reporter-output>
          </reporter-output>
        </test-method> <!-- test_post -->
      </class> <!-- testpackages.Examples -->
    </test> <!-- Test -->
  </suite> <!-- Suite -->
</testng-results>
